<?xml version="1.0" encoding="UTF-8"?>
<testng-results skipped="0" failed="1" ignored="0" total="5" passed="4">
  <reporter-output>
    <line>
      <![CDATA[shalom mother fucker]]>
    </line>
  </reporter-output>
  <suite name="Suite" duration-ms="869" started-at="2018-11-15T09:29:44Z" finished-at="2018-11-15T09:29:45Z">
    <groups>
    </groups>
    <test name="Test" duration-ms="869" started-at="2018-11-15T09:29:44Z" finished-at="2018-11-15T09:29:45Z">
      <class name="testcases.TestTesting">
        <test-method status="PASS" signature="setup()[pri:0, instance:testcases.TestTesting@491666ad]" name="setup" is-config="true" duration-ms="3050" started-at="2018-11-15T09:29:41Z" finished-at="2018-11-15T09:29:44Z">
          <reporter-output>
          </reporter-output>
        </test-method> <!-- setup -->
        <test-method status="PASS" signature="firstTest(java.lang.String, java.lang.String)[pri:0, instance:testcases.TestTesting@491666ad]" name="firstTest" duration-ms="3" started-at="2018-11-15T09:29:45Z" data-provider="excelData" finished-at="2018-11-15T09:29:45Z">
          <params>
            <param index="0">
              <value>
                <![CDATA[benny]]>
              </value>
            </param>
            <param index="1">
              <value>
                <![CDATA[]]>
              </value>
            </param>
          </params>
          <reporter-output>
          </reporter-output>
        </test-method> <!-- firstTest -->
        <test-method status="PASS" signature="firstTest(java.lang.String, java.lang.String)[pri:0, instance:testcases.TestTesting@491666ad]" name="firstTest" duration-ms="1" started-at="2018-11-15T09:29:45Z" data-provider="excelData" finished-at="2018-11-15T09:29:45Z">
          <params>
            <param index="0">
              <value>
                <![CDATA[itzik ]]>
              </value>
            </param>
            <param index="1">
              <value>
                <![CDATA[]]>
              </value>
            </param>
          </params>
          <reporter-output>
          </reporter-output>
        </test-method> <!-- firstTest -->
        <test-method status="PASS" signature="firstTest(java.lang.String, java.lang.String)[pri:0, instance:testcases.TestTesting@491666ad]" name="firstTest" duration-ms="3" started-at="2018-11-15T09:29:45Z" data-provider="excelData" finished-at="2018-11-15T09:29:45Z">
          <params>
            <param index="0">
              <value>
                <![CDATA[gil]]>
              </value>
            </param>
            <param index="1">
              <value>
                <![CDATA[]]>
              </value>
            </param>
          </params>
          <reporter-output>
          </reporter-output>
        </test-method> <!-- firstTest -->
        <test-method status="PASS" signature="seconds3()[pri:0, instance:testcases.TestTesting@491666ad]" name="seconds3" duration-ms="5" started-at="2018-11-15T09:29:45Z" finished-at="2018-11-15T09:29:45Z">
          <reporter-output>
            <line>
              <![CDATA[shalom mother fucker]]>
            </line>
          </reporter-output>
        </test-method> <!-- seconds3 -->
        <test-method status="FAIL" signature="secondsTest()[pri:0, instance:testcases.TestTesting@491666ad]" name="secondsTest" duration-ms="2" started-at="2018-11-15T09:29:45Z" finished-at="2018-11-15T09:29:45Z">
          <exception class="java.lang.AssertionError">
            <message>
              <![CDATA[null]]>
            </message>
            <full-stacktrace>
              <![CDATA[java.lang.AssertionError: null
at org.testng.Assert.fail(Assert.java:96)
at org.testng.Assert.fail(Assert.java:103)
at testcases.TestTesting.secondsTest(TestTesting.java:29)
at sun.reflect.NativeMethodAccessorImpl.invoke0(Native Method)
at sun.reflect.NativeMethodAccessorImpl.invoke(Unknown Source)
at sun.reflect.DelegatingMethodAccessorImpl.invoke(Unknown Source)
at java.lang.reflect.Method.invoke(Unknown Source)
at org.testng.internal.MethodInvocationHelper.invokeMethod(MethodInvocationHelper.java:124)
at org.testng.internal.Invoker.invokeMethod(Invoker.java:580)
at org.testng.internal.Invoker.invokeTestMethod(Invoker.java:716)
at org.testng.internal.Invoker.invokeTestMethods(Invoker.java:988)
at org.testng.internal.TestMethodWorker.invokeTestMethods(TestMethodWorker.java:125)
at org.testng.internal.TestMethodWorker.run(TestMethodWorker.java:109)
at org.testng.TestRunner.privateRun(TestRunner.java:648)
at org.testng.TestRunner.run(TestRunner.java:505)
at org.testng.SuiteRunner.runTest(SuiteRunner.java:455)
at org.testng.SuiteRunner.runSequentially(SuiteRunner.java:450)
at org.testng.SuiteRunner.privateRun(SuiteRunner.java:415)
at org.testng.SuiteRunner.run(SuiteRunner.java:364)
at org.testng.SuiteRunnerWorker.runSuite(SuiteRunnerWorker.java:52)
at org.testng.SuiteRunnerWorker.run(SuiteRunnerWorker.java:84)
at org.testng.TestNG.runSuitesSequentially(TestNG.java:1208)
at org.testng.TestNG.runSuitesLocally(TestNG.java:1137)
at org.testng.TestNG.runSuites(TestNG.java:1049)
at org.testng.TestNG.run(TestNG.java:1017)
at org.testng.remote.AbstractRemoteTestNG.run(AbstractRemoteTestNG.java:114)
at org.testng.remote.RemoteTestNG.initAndRun(RemoteTestNG.java:251)
at org.testng.remote.RemoteTestNG.main(RemoteTestNG.java:77)
]]>
            </full-stacktrace>
          </exception> <!-- java.lang.AssertionError -->
          <reporter-output>
          </reporter-output>
        </test-method> <!-- secondsTest -->
        <test-method status="PASS" signature="teardown()[pri:0, instance:testcases.TestTesting@491666ad]" name="teardown" is-config="true" duration-ms="89" started-at="2018-11-15T09:29:45Z" finished-at="2018-11-15T09:29:45Z">
          <reporter-output>
          </reporter-output>
        </test-method> <!-- teardown -->
      </class> <!-- testcases.TestTesting -->
    </test> <!-- Test -->
  </suite> <!-- Suite -->
</testng-results>
